#
# A fatal error has been detected by the Java Runtime Environment:
#
#  EXCEPTION_ACCESS_VIOLATION (0xc0000005) at pc=0x0000000070ef248b, pid=11144, tid=9388
#
# JRE version: Java(TM) SE Runtime Environment (7.0_45-b18) (build 1.7.0_45-b18)
# Java VM: Java HotSpot(TM) 64-Bit Server VM (24.45-b08 mixed mode windows-amd64 compressed oops)
# Problematic frame:
# V  [jvm.dll+0x14248b]
#
# Failed to write core dump. Minidumps are not enabled by default on client versions of Windows
#
# If you would like to submit a bug report, please visit:
#   http://bugreport.sun.com/bugreport/crash.jsp
#

---------------  T H R E A D  ---------------

Current thread (0x000000000823b800):  JavaThread "JDWP Transport Listener: dt_socket" daemon [_thread_in_vm, id=9388, stack(0x000000000a7f0000,0x000000000a8f0000)]

siginfo: ExceptionCode=0xc0000005, reading address 0xffffffffffffffff

Registers:
RAX=0x000000000a8ef101, RBX=0x000000000823b800, RCX=0x3b34246c003b7265, RDX=0x0000000000000000
RSP=0x000000000a8ef130, RBP=0x3b34246c003b7265, RSI=0x000000000a8ef248, RDI=0x0000000002cdbea0
R8 =0x000000000823b800, R9 =0x000000000bbdf270, R10=0x00007ffb7eb00000, R11=0x000000000bcbb914
R12=0x0000000000000000, R13=0x000000000822ef58, R14=0x0000000000000000, R15=0x0000000000000000
RIP=0x0000000070ef248b, EFLAGS=0x0000000000010206

Top of Stack: (sp=0x000000000a8ef130)
0x000000000a8ef130:   000000000823b800 0000000000000007
0x000000000a8ef140:   000000000a8ef1f8 0000000071091039
0x000000000a8ef150:   000000000823b800 00000000710aebe2
0x000000000a8ef160:   00000000000000d3 0000000070b68e89
0x000000000a8ef170:   000000000c12d740 0000000070b7265a
0x000000000a8ef180:   000000000823b800 0000000000000000
0x000000000a8ef190:   0000000000000000 0000000000000000
0x000000000a8ef1a0:   3b34246c003b7265 0000000070b71751
0x000000000a8ef1b0:   000000000a8ef248 000000000a8ef220
0x000000000a8ef1c0:   0000000000000001 000000000c12d740
0x000000000a8ef1d0:   3b34246c003b7265 0000000070b553b3
0x000000000a8ef1e0:   000000000a8ef310 0000000000000001
0x000000000a8ef1f0:   0000000000000001 000000000c12d740
0x000000000a8ef200:   0000000000000009 0000000000000000
0x000000000a8ef210:   0000000000000000 0000000000000000
0x000000000a8ef220:   0000000000000001 0000000070b55571 

Instructions: (pc=0x0000000070ef248b)
0x0000000070ef246b:   48 8b 5c 24 30 48 89 47 18 48 83 c4 20 5f c3 cc
0x0000000070ef247b:   cc cc cc cc cc 40 53 48 83 ec 20 48 85 c9 74 54
0x0000000070ef248b:   48 8b 19 48 85 db 74 4c 48 b8 fe fe fe fe fe fe
0x0000000070ef249b:   fe fe 48 3b d8 74 3d 80 3d 8f 87 60 00 00 74 15 


Register to memory mapping:

RAX=0x000000000a8ef101 is pointing into the stack for thread: 0x000000000823b800
RBX=0x000000000823b800 is a thread
RCX=0x3b34246c003b7265 is an unknown value
RDX=0x0000000000000000 is an unknown value
RSP=0x000000000a8ef130 is pointing into the stack for thread: 0x000000000823b800
RBP=0x3b34246c003b7265 is an unknown value
RSI=0x000000000a8ef248 is pointing into the stack for thread: 0x000000000823b800
RDI=0x0000000002cdbea0 is an unknown value
R8 =0x000000000823b800 is a thread
R9 =0x000000000bbdf270 is an unknown value
R10=0x00007ffb7eb00000 is an unknown value
R11=0x000000000bcbb914 is an unknown value
R12=0x0000000000000000 is an unknown value
R13=0x000000000822ef58 is an unknown value
R14=0x0000000000000000 is an unknown value
R15=0x0000000000000000 is an unknown value


Stack: [0x000000000a7f0000,0x000000000a8f0000],  sp=0x000000000a8ef130,  free space=1020k
Native frames: (J=compiled Java code, j=interpreted, Vv=VM code, C=native code)
V  [jvm.dll+0x14248b]


---------------  P R O C E S S  ---------------

Java Threads: ( => current thread )
  0x000000000d149000 JavaThread "Abandoned connection cleanup thread" daemon [_thread_blocked, id=2396, stack(0x000000000e240000,0x000000000e340000)]
  0x000000000c066000 JavaThread "Thread-7" daemon [_thread_blocked, id=9916, stack(0x000000000e040000,0x000000000e140000)]
  0x000000000c073800 JavaThread "Thread-6" daemon [_thread_blocked, id=10504, stack(0x000000000df40000,0x000000000e040000)]
  0x000000000bbb5000 JavaThread "Timer-1" daemon [_thread_blocked, id=11008, stack(0x000000000cdf0000,0x000000000cef0000)]
  0x000000000be26000 JavaThread "Timer-0" daemon [_thread_blocked, id=2264, stack(0x000000000ccf0000,0x000000000cdf0000)]
  0x000000000baa1800 JavaThread "1954387930@qtp-69656289-1 - Acceptor0 SelectChannelConnector@127.0.0.1:8888" [_thread_in_native, id=10492, stack(0x000000000cbf0000,0x000000000ccf0000)]
  0x000000000baaf000 JavaThread "777548660@qtp-69656289-0" [_thread_blocked, id=5960, stack(0x000000000caf0000,0x000000000cbf0000)]
  0x000000000a3fc800 JavaThread "Service Thread" daemon [_thread_blocked, id=6272, stack(0x000000000b020000,0x000000000b120000)]
  0x000000000a466800 JavaThread "C2 CompilerThread1" daemon [_thread_blocked, id=7864, stack(0x000000000af20000,0x000000000b020000)]
  0x000000000a340800 JavaThread "C2 CompilerThread0" daemon [_thread_blocked, id=7336, stack(0x000000000ae20000,0x000000000af20000)]
  0x000000000a21e000 JavaThread "JDWP Command Reader" daemon [_thread_in_native, id=4912, stack(0x000000000ad20000,0x000000000ae20000)]
  0x000000000a21d000 JavaThread "JDWP Event Helper Thread" daemon [_thread_blocked, id=9380, stack(0x000000000ac20000,0x000000000ad20000)]
=>0x000000000823b800 JavaThread "JDWP Transport Listener: dt_socket" daemon [_thread_in_vm, id=9388, stack(0x000000000a7f0000,0x000000000a8f0000)]
  0x0000000008232000 JavaThread "Attach Listener" daemon [_thread_blocked, id=2956, stack(0x000000000a6f0000,0x000000000a7f0000)]
  0x000000000822d000 JavaThread "Signal Dispatcher" daemon [_thread_blocked, id=5396, stack(0x000000000a5f0000,0x000000000a6f0000)]
  0x00000000031d2000 JavaThread "Finalizer" daemon [_thread_blocked, id=7908, stack(0x000000000a0f0000,0x000000000a1f0000)]
  0x0000000008226000 JavaThread "Reference Handler" daemon [_thread_blocked, id=2952, stack(0x0000000009ff0000,0x000000000a0f0000)]
  0x00000000030e4000 JavaThread "main" [_thread_blocked, id=7924, stack(0x0000000002e30000,0x0000000002f30000)]

Other Threads:
  0x0000000008224000 VMThread [stack: 0x0000000009ef0000,0x0000000009ff0000] [id=9884]
  0x000000000a3fe000 WatcherThread [stack: 0x000000000b120000,0x000000000b220000] [id=6476]

VM state:not at safepoint (normal execution)

VM Mutex/Monitor currently owned by a thread: None

Heap
 PSYoungGen      total 103936K, used 28953K [0x00000000f5500000, 0x00000000fcb80000, 0x0000000100000000)
  eden space 98816K, 24% used [0x00000000f5500000,0x00000000f6caef88,0x00000000fb580000)
  from space 5120K, 91% used [0x00000000fb900000,0x00000000fbd97568,0x00000000fbe00000)
  to   space 11264K, 0% used [0x00000000fc080000,0x00000000fc080000,0x00000000fcb80000)
 ParOldGen       total 86016K, used 22685K [0x00000000e0000000, 0x00000000e5400000, 0x00000000f5500000)
  object space 86016K, 26% used [0x00000000e0000000,0x00000000e1627628,0x00000000e5400000)
 PSPermGen       total 41984K, used 41474K [0x00000000dae00000, 0x00000000dd700000, 0x00000000e0000000)
  object space 41984K, 98% used [0x00000000dae00000,0x00000000dd680820,0x00000000dd700000)

Card table byte_map: [0x00000000062a0000,0x00000000063d0000] byte_map_base: 0x0000000005bc9000

Polling page: 0x0000000002d80000

Code Cache  [0x00000000031e0000, 0x00000000034b0000, 0x00000000061e0000)
 total_blobs=1158 nmethods=725 adapters=392 free_code_cache=46427Kb largest_free_block=47387648

Compilation events (10 events):
Event: 2178.283 Thread 0x000000000a466800 nmethod 804 0x0000000003293310 code [0x0000000003293440, 0x00000000032934d8]
Event: 2178.283 Thread 0x000000000a340800 nmethod 805 0x00000000032bc050 code [0x00000000032bc1a0, 0x00000000032bc458]
Event: 2496.284 Thread 0x000000000a466800  806             org.mortbay.thread.Timeout::setNow (6 bytes)
Event: 2496.284 Thread 0x000000000a340800  807             java.nio.channels.spi.AbstractSelector::isOpen (8 bytes)
Event: 2496.285 Thread 0x000000000a466800 nmethod 806 0x0000000003282810 code [0x0000000003282940, 0x0000000003282998]
Event: 2496.285 Thread 0x000000000a466800  808             java.util.concurrent.atomic.AtomicBoolean::get (13 bytes)
Event: 2496.285 Thread 0x000000000a340800 nmethod 807 0x000000000344fc10 code [0x000000000344fd40, 0x000000000344fdd8]
Event: 2496.285 Thread 0x000000000a466800 nmethod 808 0x0000000003293c50 code [0x0000000003293d80, 0x0000000003293dd8]
Event: 2538.304 Thread 0x000000000a340800  809             java.net.URLStreamHandler::toExternalForm (219 bytes)
Event: 2538.310 Thread 0x000000000a340800 nmethod 809 0x00000000032d0f10 code [0x00000000032d10e0, 0x00000000032d1cd0]

GC Heap History (10 events):
Event: 10.182 GC heap before
{Heap before GC invocations=7 (full 0):
 PSYoungGen      total 42496K, used 41481K [0x00000000f5500000, 0x00000000f8980000, 0x0000000100000000)
  eden space 32256K, 100% used [0x00000000f5500000,0x00000000f7480000,0x00000000f7480000)
  from space 10240K, 90% used [0x00000000f7f00000,0x00000000f8802580,0x00000000f8900000)
  to   space 10752K, 0% used [0x00000000f7480000,0x00000000f7480000,0x00000000f7f00000)
 ParOldGen       total 86016K, used 14277K [0x00000000e0000000, 0x00000000e5400000, 0x00000000f5500000)
  object space 86016K, 16% used [0x00000000e0000000,0x00000000e0df1400,0x00000000e5400000)
 PSPermGen       total 25600K, used 25415K [0x00000000dae00000, 0x00000000dc700000, 0x00000000e0000000)
  object space 25600K, 99% used [0x00000000dae00000,0x00000000dc6d1f08,0x00000000dc700000)
Event: 10.190 GC heap after
Heap after GC invocations=7 (full 0):
 PSYoungGen      total 43008K, used 4651K [0x00000000f5500000, 0x00000000faa00000, 0x0000000100000000)
  eden space 32256K, 0% used [0x00000000f5500000,0x00000000f5500000,0x00000000f7480000)
  from space 10752K, 43% used [0x00000000f7480000,0x00000000f790af30,0x00000000f7f00000)
  to   space 11264K, 0% used [0x00000000f9f00000,0x00000000f9f00000,0x00000000faa00000)
 ParOldGen       total 86016K, used 17664K [0x00000000e0000000, 0x00000000e5400000, 0x00000000f5500000)
  object space 86016K, 20% used [0x00000000e0000000,0x00000000e1140368,0x00000000e5400000)
 PSPermGen       total 25600K, used 25415K [0x00000000dae00000, 0x00000000dc700000, 0x00000000e0000000)
  object space 25600K, 99% used [0x00000000dae00000,0x00000000dc6d1f08,0x00000000dc700000)
}
Event: 10.481 GC heap before
{Heap before GC invocations=8 (full 0):
 PSYoungGen      total 43008K, used 36907K [0x00000000f5500000, 0x00000000faa00000, 0x0000000100000000)
  eden space 32256K, 100% used [0x00000000f5500000,0x00000000f7480000,0x00000000f7480000)
  from space 10752K, 43% used [0x00000000f7480000,0x00000000f790af30,0x00000000f7f00000)
  to   space 11264K, 0% used [0x00000000f9f00000,0x00000000f9f00000,0x00000000faa00000)
 ParOldGen       total 86016K, used 17664K [0x00000000e0000000, 0x00000000e5400000, 0x00000000f5500000)
  object space 86016K, 20% used [0x00000000e0000000,0x00000000e1140368,0x00000000e5400000)
 PSPermGen       total 27136K, used 27004K [0x00000000dae00000, 0x00000000dc880000, 0x00000000e0000000)
  object space 27136K, 99% used [0x00000000dae00000,0x00000000dc85f0a0,0x00000000dc880000)
Event: 10.486 GC heap after
Heap after GC invocations=8 (full 0):
 PSYoungGen      total 75264K, used 4162K [0x00000000f5500000, 0x00000000fab00000, 0x0000000100000000)
  eden space 64000K, 0% used [0x00000000f5500000,0x00000000f5500000,0x00000000f9380000)
  from space 11264K, 36% used [0x00000000f9f00000,0x00000000fa310b90,0x00000000faa00000)
  to   space 11776K, 0% used [0x00000000f9380000,0x00000000f9380000,0x00000000f9f00000)
 ParOldGen       total 86016K, used 18748K [0x00000000e0000000, 0x00000000e5400000, 0x00000000f5500000)
  object space 86016K, 21% used [0x00000000e0000000,0x00000000e124f150,0x00000000e5400000)
 PSPermGen       total 27136K, used 27004K [0x00000000dae00000, 0x00000000dc880000, 0x00000000e0000000)
  object space 27136K, 99% used [0x00000000dae00000,0x00000000dc85f0a0,0x00000000dc880000)
}
Event: 11.056 GC heap before
{Heap before GC invocations=9 (full 0):
 PSYoungGen      total 75264K, used 68162K [0x00000000f5500000, 0x00000000fab00000, 0x0000000100000000)
  eden space 64000K, 100% used [0x00000000f5500000,0x00000000f9380000,0x00000000f9380000)
  from space 11264K, 36% used [0x00000000f9f00000,0x00000000fa310b90,0x00000000faa00000)
  to   space 11776K, 0% used [0x00000000f9380000,0x00000000f9380000,0x00000000f9f00000)
 ParOldGen       total 86016K, used 18748K [0x00000000e0000000, 0x00000000e5400000, 0x00000000f5500000)
  object space 86016K, 21% used [0x00000000e0000000,0x00000000e124f150,0x00000000e5400000)
 PSPermGen       total 30720K, used 30366K [0x00000000dae00000, 0x00000000dcc00000, 0x00000000e0000000)
  object space 30720K, 98% used [0x00000000dae00000,0x00000000dcba7958,0x00000000dcc00000)
Event: 11.061 GC heap after
Heap after GC invocations=9 (full 0):
 PSYoungGen      total 75776K, used 4639K [0x00000000f5500000, 0x00000000fd000000, 0x0000000100000000)
  eden space 64000K, 0% used [0x00000000f5500000,0x00000000f5500000,0x00000000f9380000)
  from space 11776K, 39% used [0x00000000f9380000,0x00000000f9807d30,0x00000000f9f00000)
  to   space 11776K, 0% used [0x00000000fc480000,0x00000000fc480000,0x00000000fd000000)
 ParOldGen       total 86016K, used 19720K [0x00000000e0000000, 0x00000000e5400000, 0x00000000f5500000)
  object space 86016K, 22% used [0x00000000e0000000,0x00000000e13423e0,0x00000000e5400000)
 PSPermGen       total 30720K, used 30366K [0x00000000dae00000, 0x00000000dcc00000, 0x00000000e0000000)
  object space 30720K, 98% used [0x00000000dae00000,0x00000000dcba7958,0x00000000dcc00000)
}
Event: 11.766 GC heap before
{Heap before GC invocations=10 (full 0):
 PSYoungGen      total 75776K, used 68639K [0x00000000f5500000, 0x00000000fd000000, 0x0000000100000000)
  eden space 64000K, 100% used [0x00000000f5500000,0x00000000f9380000,0x00000000f9380000)
  from space 11776K, 39% used [0x00000000f9380000,0x00000000f9807d30,0x00000000f9f00000)
  to   space 11776K, 0% used [0x00000000fc480000,0x00000000fc480000,0x00000000fd000000)
 ParOldGen       total 86016K, used 19720K [0x00000000e0000000, 0x00000000e5400000, 0x00000000f5500000)
  object space 86016K, 22% used [0x00000000e0000000,0x00000000e13423e0,0x00000000e5400000)
 PSPermGen       total 35328K, used 35014K [0x00000000dae00000, 0x00000000dd080000, 0x00000000e0000000)
  object space 35328K, 99% used [0x00000000dae00000,0x00000000dd0318b0,0x00000000dd080000)
Event: 11.774 GC heap after
Heap after GC invocations=10 (full 0):
 PSYoungGen      total 113152K, used 5052K [0x00000000f5500000, 0x00000000fcf00000, 0x0000000100000000)
  eden space 102400K, 0% used [0x00000000f5500000,0x00000000f5500000,0x00000000fb900000)
  from space 10752K, 46% used [0x00000000fc480000,0x00000000fc96f2e0,0x00000000fcf00000)
  to   space 11264K, 0% used [0x00000000fb900000,0x00000000fb900000,0x00000000fc400000)
 ParOldGen       total 86016K, used 21073K [0x00000000e0000000, 0x00000000e5400000, 0x00000000f5500000)
  object space 86016K, 24% used [0x00000000e0000000,0x00000000e1494618,0x00000000e5400000)
 PSPermGen       total 35328K, used 35014K [0x00000000dae00000, 0x00000000dd080000, 0x00000000e0000000)
  object space 35328K, 99% used [0x00000000dae00000,0x00000000dd0318b0,0x00000000dd080000)
}
Event: 17.677 GC heap before
{Heap before GC invocations=11 (full 0):
 PSYoungGen      total 113152K, used 107452K [0x00000000f5500000, 0x00000000fcf00000, 0x0000000100000000)
  eden space 102400K, 100% used [0x00000000f5500000,0x00000000fb900000,0x00000000fb900000)
  from space 10752K, 46% used [0x00000000fc480000,0x00000000fc96f2e0,0x00000000fcf00000)
  to   space 11264K, 0% used [0x00000000fb900000,0x00000000fb900000,0x00000000fc400000)
 ParOldGen       total 86016K, used 21073K [0x00000000e0000000, 0x00000000e5400000, 0x00000000f5500000)
  object space 86016K, 24% used [0x00000000e0000000,0x00000000e1494618,0x00000000e5400000)
 PSPermGen       total 40960K, used 40938K [0x00000000dae00000, 0x00000000dd600000, 0x00000000e0000000)
  object space 40960K, 99% used [0x00000000dae00000,0x00000000dd5faa00,0x00000000dd600000)
Event: 17.687 GC heap after
Heap after GC invocations=11 (full 0):
 PSYoungGen      total 103936K, used 4701K [0x00000000f5500000, 0x00000000fcb80000, 0x0000000100000000)
  eden space 98816K, 0% used [0x00000000f5500000,0x00000000f5500000,0x00000000fb580000)
  from space 5120K, 91% used [0x00000000fb900000,0x00000000fbd97568,0x00000000fbe00000)
  to   space 11264K, 0% used [0x00000000fc080000,0x00000000fc080000,0x00000000fcb80000)
 ParOldGen       total 86016K, used 22685K [0x00000000e0000000, 0x00000000e5400000, 0x00000000f5500000)
  object space 86016K, 26% used [0x00000000e0000000,0x00000000e1627628,0x00000000e5400000)
 PSPermGen       total 40960K, used 40938K [0x00000000dae00000, 0x00000000dd600000, 0x00000000e0000000)
  object space 40960K, 99% used [0x00000000dae00000,0x00000000dd5faa00,0x00000000dd600000)
}

Deoptimization events (10 events):
Event: 17.709 Thread 0x000000000baaf000 Uncommon trap: reason=null_check action=make_not_entrant pc=0x00000000033c7734 method=org.datanucleus.store.types.TypeManager.findJavaTypeForClass(Ljava/lang/Class;)Lorg/datanucleus/store/types/TypeManager$JavaType; @ 248
Event: 17.715 Thread 0x000000000baaf000 Uncommon trap: reason=class_check action=maybe_recompile pc=0x0000000003400958 method=java.util.HashSet.contains(Ljava/lang/Object;)Z @ 5
Event: 17.737 Thread 0x000000000baaf000 Uncommon trap: reason=class_check action=maybe_recompile pc=0x0000000003433a88 method=java.io.BufferedInputStream.read([BII)I @ 101
Event: 17.795 Thread 0x000000000baaf000 Uncommon trap: reason=unreached action=reinterpret pc=0x00000000032f74c0 method=java.util.PropertyPermission.getMask(Ljava/lang/String;)I @ 11
Event: 35.043 Thread 0x000000000baa1800 Uncommon trap: reason=predicate action=maybe_recompile pc=0x00000000032a9ad8 method=java.util.Arrays.fill([Ljava/lang/Object;Ljava/lang/Object;)V @ 10
Event: 41.565 Thread 0x000000000c073800 Uncommon trap: reason=null_check action=make_not_entrant pc=0x00000000033ecda0 method=com.google.apphosting.api.ApiProxy.getCurrentEnvironment()Lcom/google/apphosting/api/ApiProxy$Environment; @ 6
Event: 228.779 Thread 0x000000000baa1800 Uncommon trap: reason=array_check action=maybe_recompile pc=0x000000000344db74 method=java.util.Arrays.fill([Ljava/lang/Object;Ljava/lang/Object;)V @ 13
Event: 229.779 Thread 0x000000000baa1800 Uncommon trap: reason=array_check action=maybe_recompile pc=0x000000000344db74 method=java.util.Arrays.fill([Ljava/lang/Object;Ljava/lang/Object;)V @ 13
Event: 230.780 Thread 0x000000000baa1800 Uncommon trap: reason=array_check action=maybe_recompile pc=0x000000000344db74 method=java.util.Arrays.fill([Ljava/lang/Object;Ljava/lang/Object;)V @ 13
Event: 231.781 Thread 0x000000000baa1800 Uncommon trap: reason=array_check action=maybe_recompile pc=0x000000000344db74 method=java.util.Arrays.fill([Ljava/lang/Object;Ljava/lang/Object;)V @ 13

Internal exceptions (10 events):
Event: 17.764 Thread 0x000000000baaf000 Threw 0x00000000f5cee490 at C:\re\jdk7u45\229\hotspot\src\share\vm\prims\jvm.cpp:1244
Event: 17.764 Thread 0x000000000baaf000 Threw 0x00000000f5cf0e40 at C:\re\jdk7u45\229\hotspot\src\share\vm\prims\jvm.cpp:1244
Event: 17.764 Thread 0x000000000baaf000 Threw 0x00000000f5cf10d8 at C:\re\jdk7u45\229\hotspot\src\share\vm\classfile\systemDictionary.cpp:174
Event: 17.764 Thread 0x000000000baaf000 Threw 0x00000000f5cf10d8 at C:\re\jdk7u45\229\hotspot\src\share\vm\oops\instanceKlass.cpp:548
Event: 17.768 Thread 0x000000000baaf000 Threw 0x00000000f5d1de58 at C:\re\jdk7u45\229\hotspot\src\share\vm\prims\jvm.cpp:1244
Event: 17.770 Thread 0x000000000baaf000 Threw 0x00000000f5d59130 at C:\re\jdk7u45\229\hotspot\src\share\vm\prims\jvm.cpp:1244
Event: 17.770 Thread 0x000000000baaf000 Threw 0x00000000f5d5ce48 at C:\re\jdk7u45\229\hotspot\src\share\vm\prims\jvm.cpp:1244
Event: 17.770 Thread 0x000000000baaf000 Threw 0x00000000f5d60880 at C:\re\jdk7u45\229\hotspot\src\share\vm\prims\jvm.cpp:1244
Event: 41.440 Thread 0x000000000c073800 Threw 0x00000000f60dfa50 at C:\re\jdk7u45\229\hotspot\src\share\vm\prims\jni.cpp:1632
Event: 41.565 Thread 0x000000000c073800 Implicit null exception at 0x00000000033eccb0 to 0x00000000033ecd95

Events (10 events):
Event: 311.437 Executing VM operation: RevokeBias
Event: 311.438 Executing VM operation: RevokeBias done
Event: 504.026 Thread 0x000000000a340800 flushing nmethod 0x00000000032bc050
Event: 630.113 Thread 0x000000000a466800 flushing nmethod 0x00000000032c7f50
Event: 630.113 Thread 0x000000000a466800 flushing nmethod 0x00000000032c9250
Event: 630.113 Thread 0x000000000a466800 flushing nmethod 0x00000000032d08d0
Event: 630.113 Thread 0x000000000a466800 flushing nmethod 0x00000000032d7710
Event: 630.113 Thread 0x000000000a466800 flushing nmethod 0x00000000032dba10
Event: 2650.982 Executing VM operation: RedefineClasses
Event: 2650.987 Executing VM operation: RedefineClasses done


Dynamic libraries:
0x00007ff7af450000 - 0x00007ff7af483000 	C:\work\env\java\jdk1.7u45\bin\javaw.exe
0x00007ffb7eb00000 - 0x00007ffb7eca9000 	C:\WINDOWS\SYSTEM32\ntdll.dll
0x00007ffb7cc40000 - 0x00007ffb7cd79000 	C:\WINDOWS\system32\KERNEL32.DLL
0x00007ffb7bf50000 - 0x00007ffb7c05e000 	C:\WINDOWS\system32\KERNELBASE.dll
0x00007ffb7aa60000 - 0x00007ffb7aaeb000 	C:\WINDOWS\system32\apphelp.dll
0x00007ffb752c0000 - 0x00007ffb7530f000 	C:\WINDOWS\AppPatch\AppPatch64\AcGenral.DLL
0x00007ffb7c8c0000 - 0x00007ffb7c967000 	C:\WINDOWS\system32\msvcrt.dll
0x00007ffb7bc90000 - 0x00007ffb7bcbb000 	C:\WINDOWS\SYSTEM32\SspiCli.dll
0x00007ffb7c810000 - 0x00007ffb7c861000 	C:\WINDOWS\system32\SHLWAPI.dll
0x00007ffb7c390000 - 0x00007ffb7c501000 	C:\WINDOWS\system32\USER32.dll
0x00007ffb7cac0000 - 0x00007ffb7cc36000 	C:\WINDOWS\system32\ole32.dll
0x00007ffb7d5e0000 - 0x00007ffb7e9ef000 	C:\WINDOWS\system32\SHELL32.dll
0x00007ffb7b460000 - 0x00007ffb7b47f000 	C:\WINDOWS\SYSTEM32\USERENV.dll
0x00007ffb7d100000 - 0x00007ffb7d1a5000 	C:\WINDOWS\system32\ADVAPI32.dll
0x00007ffb71be0000 - 0x00007ffb71bfb000 	C:\WINDOWS\SYSTEM32\MPR.dll
0x00007ffb7d210000 - 0x00007ffb7d346000 	C:\WINDOWS\system32\RPCRT4.dll
0x00007ffb7c510000 - 0x00007ffb7c567000 	C:\WINDOWS\SYSTEM32\sechost.dll
0x00007ffb7cd80000 - 0x00007ffb7cf57000 	C:\WINDOWS\SYSTEM32\combase.dll
0x00007ffb7d350000 - 0x00007ffb7d495000 	C:\WINDOWS\system32\GDI32.dll
0x00007ffb7be80000 - 0x00007ffb7be94000 	C:\WINDOWS\SYSTEM32\profapi.dll
0x00007ffb7a9b0000 - 0x00007ffb7aa51000 	C:\WINDOWS\SYSTEM32\SHCORE.dll
0x00007ffb7c870000 - 0x00007ffb7c8a4000 	C:\WINDOWS\system32\IMM32.DLL
0x00007ffb7c970000 - 0x00007ffb7caa8000 	C:\WINDOWS\system32\MSCTF.dll
0x00007ffb7be40000 - 0x00007ffb7be6f000 	C:\Windows\system32\nvinitx.dll
0x000000000f000000 - 0x000000000f006000 	C:\Program Files\NVIDIA Corporation\CoProcManager\detoured.dll
0x00007ffb79f20000 - 0x00007ffb79f7f000 	C:\Program Files\NVIDIA Corporation\CoProcManager\nvd3d9wrapx.dll
0x00007ffb7c570000 - 0x00007ffb7c746000 	C:\WINDOWS\system32\SETUPAPI.dll
0x00007ffb7c060000 - 0x00007ffb7c0aa000 	C:\WINDOWS\system32\CFGMGR32.dll
0x00007ffb79ed0000 - 0x00007ffb79f16000 	C:\Program Files\NVIDIA Corporation\CoProcManager\nvdxgiwrapx.dll
0x00007ffb7a030000 - 0x00007ffb7a28a000 	C:\WINDOWS\WinSxS\amd64_microsoft.windows.common-controls_6595b64144ccf1df_6.0.9600.16384_none_62475f7becb72503\COMCTL32.dll
0x0000000070b90000 - 0x0000000070c62000 	C:\work\env\java\jdk1.7u45\jre\bin\msvcr100.dll
0x0000000070db0000 - 0x0000000071579000 	C:\work\env\java\jdk1.7u45\jre\bin\server\jvm.dll
0x00007ffb652d0000 - 0x00007ffb652d9000 	C:\WINDOWS\SYSTEM32\WSOCK32.dll
0x00007ffb79920000 - 0x00007ffb7993f000 	C:\WINDOWS\SYSTEM32\WINMM.dll
0x00007ffb7c8b0000 - 0x00007ffb7c8b7000 	C:\WINDOWS\system32\PSAPI.DLL
0x00007ffb7d1b0000 - 0x00007ffb7d208000 	C:\WINDOWS\system32\WS2_32.dll
0x00007ffb798e0000 - 0x00007ffb7990a000 	C:\WINDOWS\SYSTEM32\WINMMBASE.dll
0x00007ffb7d5d0000 - 0x00007ffb7d5d9000 	C:\WINDOWS\system32\NSI.dll
0x00007ffb7acd0000 - 0x00007ffb7acf6000 	C:\WINDOWS\SYSTEM32\DEVOBJ.dll
0x0000000070da0000 - 0x0000000070daf000 	C:\work\env\java\jdk1.7u45\jre\bin\verify.dll
0x0000000070d70000 - 0x0000000070d98000 	C:\work\env\java\jdk1.7u45\jre\bin\java.dll
0x0000000070b50000 - 0x0000000070b85000 	C:\work\env\java\jdk1.7u45\jre\bin\jdwp.dll
0x0000000070b40000 - 0x0000000070b48000 	C:\work\env\java\jdk1.7u45\jre\bin\npt.dll
0x0000000070b10000 - 0x0000000070b33000 	C:\work\env\java\jdk1.7u45\jre\bin\instrument.dll
0x0000000070d50000 - 0x0000000070d65000 	C:\work\env\java\jdk1.7u45\jre\bin\zip.dll
0x0000000070b00000 - 0x0000000070b09000 	C:\work\env\java\jdk1.7u45\jre\bin\dt_socket.dll
0x00007ffb73800000 - 0x00007ffb73814000 	C:\WINDOWS\system32\napinsp.dll
0x00007ffb737e0000 - 0x00007ffb737f9000 	C:\WINDOWS\system32\pnrpnsp.dll
0x00007ffb78c60000 - 0x00007ffb78c79000 	C:\WINDOWS\system32\NLAapi.dll
0x00007ffb7b6b0000 - 0x00007ffb7b708000 	C:\WINDOWS\System32\mswsock.dll
0x00007ffb7b4c0000 - 0x00007ffb7b563000 	C:\WINDOWS\SYSTEM32\DNSAPI.dll
0x00007ffb737d0000 - 0x00007ffb737dc000 	C:\WINDOWS\System32\winrnr.dll
0x00007ffb737b0000 - 0x00007ffb737c3000 	C:\WINDOWS\system32\wshbth.dll
0x0000000072940000 - 0x0000000072966000 	C:\Program Files\Bonjour\mdnsNSP.dll
0x00007ffb780f0000 - 0x00007ffb78119000 	C:\WINDOWS\SYSTEM32\Iphlpapi.DLL
0x00007ffb78610000 - 0x00007ffb7861a000 	C:\WINDOWS\SYSTEM32\WINNSI.DLL
0x00007ffb76930000 - 0x00007ffb76997000 	C:\WINDOWS\System32\fwpuclnt.dll
0x00007ffb731b0000 - 0x00007ffb731b9000 	C:\Windows\System32\rasadhlp.dll
0x0000000070d30000 - 0x0000000070d49000 	C:\work\env\java\jdk1.7u45\jre\bin\net.dll
0x0000000070d10000 - 0x0000000070d21000 	C:\work\env\java\jdk1.7u45\jre\bin\nio.dll
0x0000000070ce0000 - 0x0000000070d04000 	C:\work\env\java\jdk1.7u45\jre\bin\sunec.dll
0x0000000070cd0000 - 0x0000000070cdb000 	C:\work\env\java\jdk1.7u45\jre\bin\sunmscapi.dll
0x00007ffb7c1b0000 - 0x00007ffb7c387000 	C:\WINDOWS\system32\CRYPT32.dll
0x0000000002f90000 - 0x0000000002fa2000 	C:\WINDOWS\system32\MSASN1.dll
0x00007ffb7b710000 - 0x00007ffb7b72e000 	C:\WINDOWS\SYSTEM32\CRYPTSP.dll
0x00007ffb7b350000 - 0x00007ffb7b385000 	C:\WINDOWS\system32\rsaenh.dll
0x00007ffb7b960000 - 0x00007ffb7b986000 	C:\WINDOWS\SYSTEM32\bcrypt.dll
0x00007ffb7bcc0000 - 0x00007ffb7bd1e000 	C:\WINDOWS\system32\bcryptprimitives.dll
0x00007ffb7bd20000 - 0x00007ffb7bd2a000 	C:\WINDOWS\SYSTEM32\CRYPTBASE.dll
0x00007ffb73ae0000 - 0x00007ffb73c68000 	C:\WINDOWS\SYSTEM32\dbghelp.dll

VM Arguments:
jvm_args: -agentlib:jdwp=transport=dt_socket,suspend=y,address=localhost:56497 -Drdbms.url=jdbc:mysql://localhost:3306/vonline?user=vonline -Drdbms.driver=com.mysql.jdbc.Driver -Drdbms.server=local -Drdbms.password= -Drdbms.user=vonline -Drdbms.database=vonline -Ddatastore.default_high_rep_job_policy_unapplied_job_pct=50 -javaagent:C:\work\env\appengine-java-sdk-1.8.8\lib\agent\appengine-agent.jar -Xmx512m -Dfile.encoding=UTF-8 
java_command: com.google.appengine.tools.development.DevAppServerMain --port=8888 C:\work\git_local\vmesteonline\vonline_be\war
Launcher Type: SUN_STANDARD

Environment Variables:
JAVA_HOME=c:\work\env\java\jdk1.7u45
JRE_HOME=c:\work\env\java\jdk1.7u45\jre
PATH=C:\work\env\java\jdk1.7u45\jre\bin;c:/work/env/java/jdk1.7u45/bin/../jre/bin/server;c:/work/env/java/jdk1.7u45/bin/../jre/bin;c:/work/env/java/jdk1.7u45/bin/../jre/lib/amd64;c:\Program Files (x86)\Common Files\Intel\Shared Files\cpp\bin\Intel64;c:\work\bin;c:\work\env\java\jdk1.7u45\bin;C:\Program Files (x86)\NVIDIA Corporation\PhysX\Common;C:\WINDOWS\system32;C:\WINDOWS;C:\WINDOWS\System32\Wbem;C:\WINDOWS\System32\WindowsPowerShell\v1.0\;C:\Program Files (x86)\MySQL\MySQL Utilities 1.3.5\;C:\Program Files\TortoiseGit\bin;C:\Program Files\MySQL\MySQL Server 5.6\bin\;C:\Program Files\Internet Explorer;C:\Program Files (x86)\JLR\IDS\Runtime;C:\Program Files (x86)\IDM Computer Solutions\UltraEdit\;C:\work\ide\eclipse;
USERNAME=brozer
OS=Windows_NT
PROCESSOR_IDENTIFIER=Intel64 Family 6 Model 58 Stepping 9, GenuineIntel



---------------  S Y S T E M  ---------------

OS: Windows 8 , 64 bit Build 9200 

CPU:total 8 (4 cores per cpu, 2 threads per core) family 6 model 58 stepping 9, cmov, cx8, fxsr, mmx, sse, sse2, sse3, ssse3, sse4.1, sse4.2, popcnt, avx, aes, erms, ht, tsc, tscinvbit, tscinv

Memory: 4k page, physical 8271604k(3208912k free), swap 11155188k(3266700k free)

vm_info: Java HotSpot(TM) 64-Bit Server VM (24.45-b08) for windows-amd64 JRE (1.7.0_45-b18), built on Oct  8 2013 05:47:22 by "java_re" with unknown MS VC++:1600

time: Fri Mar 07 15:57:36 2014
elapsed time: 2651 seconds

